<?xml version="1.0" encoding="UTF-8"?>
<testng-results total="2" passed="2" failed="0" skipped="0">
  <reporter-output>
    <line>
      <![CDATA[Application Opened]]>
    </line>
    <line>
      <![CDATA[Application Opened]]>
    </line>
  </reporter-output>
  <suite started-at="2023-11-09T15:10:16Z" name="Suite1" finished-at="2023-11-09T15:10:49Z" duration-ms="33048">
    <groups>
    </groups>
    <test started-at="2023-11-09T15:10:16Z" name="Regression1" finished-at="2023-11-09T15:10:49Z" duration-ms="33048">
      <class name="com.hrms.testscripts.TC001">
        <test-method signature="tc001()[pri:0, instance:com.hrms.testscripts.TC001@15043a2f]" started-at="2023-11-09T20:40:16Z" name="tc001" finished-at="2023-11-09T20:40:22Z" duration-ms="5385" status="PASS">
          <reporter-output>
            <line>
              <![CDATA[Application Opened]]>
            </line>
          </reporter-output>
        </test-method> <!-- tc001 -->
      </class> <!-- com.hrms.testscripts.TC001 -->
      <class name="com.hrms.testscripts.TC002">
        <test-method signature="tc002()[pri:0, instance:com.hrms.testscripts.TC002@72cc7e6f]" started-at="2023-11-09T20:40:22Z" name="tc002" finished-at="2023-11-09T20:40:49Z" duration-ms="27652" status="PASS">
          <reporter-output>
            <line>
              <![CDATA[Application Opened]]>
            </line>
          </reporter-output>
        </test-method> <!-- tc002 -->
      </class> <!-- com.hrms.testscripts.TC002 -->
    </test> <!-- Regression1 -->
  </suite> <!-- Suite1 -->
</testng-results>
